# JRE version: Java(TM) SE Runtime Environment (8.0_101-b13) (build 1.8.0_101-b13)
# Java VM: Java HotSpot(TM) 64-Bit Server VM (25.101-b13 mixed mode linux-amd64 compressed oops)
Heap:
 PSYoungGen      total 3728384K, used 598328K [0x000000066ab00000, 0x00000007c0000000, 0x00000007c0000000)
  eden space 1864704K, 0% used [0x000000066ab00000,0x000000066ab00000,0x00000006dc800000)
  from space 1863680K, 32% used [0x000000074e400000,0x0000000772c4e028,0x00000007c0000000)
  to   space 1863680K, 0% used [0x00000006dc800000,0x00000006dc800000,0x000000074e400000)
 ParOldGen       total 8518656K, used 8518589K [0x00000003c0000000, 0x00000005c7f00000, 0x000000066ab00000)
  object space 8518656K, 99% used [0x00000003c0000000,0x00000005c7eef670,0x00000005c7f00000)
 Metaspace       used 3339K, capacity 4490K, committed 4864K, reserved 1056768K
  class space    used 372K, capacity 386K, committed 512K, reserved 1048576K
GC Heap History (10 events):
Event: 46.603 GC heap after
Heap after GC invocations=46 (full 11):
 PSYoungGen      total 3691008K, used 1738528K [0x000000066ab00000, 0x00000007c0000000, 0x00000007c0000000)
  eden space 1827328K, 0% used [0x000000066ab00000,0x000000066ab00000,0x00000006da380000)
  from space 1863680K, 93% used [0x00000006da380000,0x0000000744548010,0x000000074bf80000)
  to   space 1863680K, 0% used [0x000000074e400000,0x000000074e400000,0x00000007c0000000)
 ParOldGen       total 7175680K, used 6357451K [0x00000003c0000000, 0x0000000575f80000, 0x000000066ab00000)
  object space 7175680K, 88% used [0x00000003c0000000,0x0000000544072e98,0x0000000575f80000)
 Metaspace       used 3339K, capacity 4490K, committed 4864K, reserved 1056768K
  class space    used 372K, capacity 386K, committed 512K, reserved 1048576K
}
Event: 48.250 GC heap before
{Heap before GC invocations=47 (full 11):
 PSYoungGen      total 3691008K, used 3565856K [0x000000066ab00000, 0x00000007c0000000, 0x00000007c0000000)
  eden space 1827328K, 100% used [0x000000066ab00000,0x00000006da380000,0x00000006da380000)
  from space 1863680K, 93% used [0x00000006da380000,0x0000000744548010,0x000000074bf80000)
  to   space 1863680K, 0% used [0x000000074e400000,0x000000074e400000,0x00000007c0000000)
 ParOldGen       total 7175680K, used 6357451K [0x00000003c0000000, 0x0000000575f80000, 0x000000066ab00000)
  object space 7175680K, 88% used [0x00000003c0000000,0x0000000544072e98,0x0000000575f80000)
 Metaspace       used 3339K, capacity 4490K, committed 4864K, reserved 1056768K
  class space    used 372K, capacity 386K, committed 512K, reserved 1048576K
Event: 48.731 GC heap after
Heap after GC invocations=47 (full 11):
 PSYoungGen      total 3728384K, used 1863648K [0x000000066ab00000, 0x00000007c0000000, 0x00000007c0000000)
  eden space 1864704K, 0% used [0x000000066ab00000,0x000000066ab00000,0x00000006dc800000)
  from space 1863680K, 99% used [0x000000074e400000,0x00000007bfff8010,0x00000007c0000000)
  to   space 1863680K, 0% used [0x00000006dc800000,0x00000006dc800000,0x000000074e400000)
 ParOldGen       total 7175680K, used 6717063K [0x00000003c0000000, 0x0000000575f80000, 0x000000066ab00000)
  object space 7175680K, 93% used [0x00000003c0000000,0x0000000559fa1ff8,0x0000000575f80000)
 Metaspace       used 3339K, capacity 4490K, committed 4864K, reserved 1056768K
  class space    used 372K, capacity 386K, committed 512K, reserved 1048576K
}
Event: 48.731 GC heap before
{Heap before GC invocations=48 (full 12):
 PSYoungGen      total 3728384K, used 1863648K [0x000000066ab00000, 0x00000007c0000000, 0x00000007c0000000)
  eden space 1864704K, 0% used [0x000000066ab00000,0x000000066ab00000,0x00000006dc800000)
  from space 1863680K, 99% used [0x000000074e400000,0x00000007bfff8010,0x00000007c0000000)
  to   space 1863680K, 0% used [0x00000006dc800000,0x00000006dc800000,0x000000074e400000)
 ParOldGen       total 7175680K, used 6717063K [0x00000003c0000000, 0x0000000575f80000, 0x000000066ab00000)
  object space 7175680K, 93% used [0x00000003c0000000,0x0000000559fa1ff8,0x0000000575f80000)
 Metaspace       used 3339K, capacity 4490K, committed 4864K, reserved 1056768K
  class space    used 372K, capacity 386K, committed 512K, reserved 1048576K
Event: 50.572 GC heap after
Heap after GC invocations=48 (full 12):
 PSYoungGen      total 3728384K, used 1222557K [0x000000066ab00000, 0x00000007c0000000, 0x00000007c0000000)
  eden space 1864704K, 0% used [0x000000066ab00000,0x000000066ab00000,0x00000006dc800000)
  from space 1863680K, 65% used [0x000000074e400000,0x0000000798de7460,0x00000007c0000000)
  to   space 1863680K, 0% used [0x00000006dc800000,0x00000006dc800000,0x000000074e400000)
 ParOldGen       total 8518656K, used 7175321K [0x00000003c0000000, 0x00000005c7f00000, 0x000000066ab00000)
  object space 8518656K, 84% used [0x00000003c0000000,0x0000000575f26538,0x00000005c7f00000)
 Metaspace       used 3339K, capacity 4490K, committed 4864K, reserved 1056768K
  class space    used 372K, capacity 386K, committed 512K, reserved 1048576K
}
Event: 52.266 GC heap before
{Heap before GC invocations=49 (full 12):
 PSYoungGen      total 3728384K, used 3087261K [0x000000066ab00000, 0x00000007c0000000, 0x00000007c0000000)
  eden space 1864704K, 100% used [0x000000066ab00000,0x00000006dc800000,0x00000006dc800000)
  from space 1863680K, 65% used [0x000000074e400000,0x0000000798de7460,0x00000007c0000000)
  to   space 1863680K, 0% used [0x00000006dc800000,0x00000006dc800000,0x000000074e400000)
 ParOldGen       total 8518656K, used 7175321K [0x00000003c0000000, 0x00000005c7f00000, 0x000000066ab00000)
  object space 8518656K, 84% used [0x00000003c0000000,0x0000000575f26538,0x00000005c7f00000)
 Metaspace       used 3339K, capacity 4490K, committed 4864K, reserved 1056768K
  class space    used 372K, capacity 386K, committed 512K, reserved 1048576K
Event: 55.705 GC heap after
Heap after GC invocations=49 (full 12):
 PSYoungGen      total 3728384K, used 1122432K [0x000000066ab00000, 0x00000007c0000000, 0x00000007c0000000)
  eden space 1864704K, 0% used [0x000000066ab00000,0x000000066ab00000,0x00000006dc800000)
  from space 1863680K, 60% used [0x00000006dc800000,0x0000000721020000,0x000000074e400000)
  to   space 1863680K, 0% used [0x000000074e400000,0x000000074e400000,0x00000007c0000000)
 ParOldGen       total 8518656K, used 7773765K [0x00000003c0000000, 0x00000005c7f00000, 0x000000066ab00000)
  object space 8518656K, 91% used [0x00000003c0000000,0x000000059a7914e0,0x00000005c7f00000)
 Metaspace       used 3339K, capacity 4490K, committed 4864K, reserved 1056768K
  class space    used 372K, capacity 386K, committed 512K, reserved 1048576K
}
Event: 57.498 GC heap before
{Heap before GC invocations=50 (full 12):
 PSYoungGen      total 3728384K, used 2987136K [0x000000066ab00000, 0x00000007c0000000, 0x00000007c0000000)
  eden space 1864704K, 100% used [0x000000066ab00000,0x00000006dc800000,0x00000006dc800000)
  from space 1863680K, 60% used [0x00000006dc800000,0x0000000721020000,0x000000074e400000)
  to   space 1863680K, 0% used [0x000000074e400000,0x000000074e400000,0x00000007c0000000)
 ParOldGen       total 8518656K, used 7773765K [0x00000003c0000000, 0x00000005c7f00000, 0x000000066ab00000)
  object space 8518656K, 91% used [0x00000003c0000000,0x000000059a7914e0,0x00000005c7f00000)
 Metaspace       used 3339K, capacity 4490K, committed 4864K, reserved 1056768K
  class space    used 372K, capacity 386K, committed 512K, reserved 1048576K
Event: 62.241 GC heap after
Heap after GC invocations=50 (full 12):
 PSYoungGen      total 3728384K, used 796544K [0x000000066ab00000, 0x00000007c0000000, 0x00000007c0000000)
  eden space 1864704K, 0% used [0x000000066ab00000,0x000000066ab00000,0x00000006dc800000)
  from space 1863680K, 42% used [0x000000074e400000,0x000000077ede0000,0x00000007c0000000)
  to   space 1863680K, 0% used [0x00000006dc800000,0x00000006dc800000,0x000000074e400000)
 ParOldGen       total 8518656K, used 8398103K [0x00000003c0000000, 0x00000005c7f00000, 0x000000066ab00000)
  object space 8518656K, 98% used [0x00000003c0000000,0x00000005c0945d88,0x00000005c7f00000)
 Metaspace       used 3339K, capacity 4490K, committed 4864K, reserved 1056768K
  class space    used 372K, capacity 386K, committed 512K, reserved 1048576K
}
Event: 62.241 GC heap before
{Heap before GC invocations=51 (full 13):
 PSYoungGen      total 3728384K, used 796544K [0x000000066ab00000, 0x00000007c0000000, 0x00000007c0000000)
  eden space 1864704K, 0% used [0x000000066ab00000,0x000000066ab00000,0x00000006dc800000)
  from space 1863680K, 42% used [0x000000074e400000,0x000000077ede0000,0x00000007c0000000)
  to   space 1863680K, 0% used [0x00000006dc800000,0x00000006dc800000,0x000000074e400000)
 ParOldGen       total 8518656K, used 8398103K [0x00000003c0000000, 0x00000005c7f00000, 0x000000066ab00000)
  object space 8518656K, 98% used [0x00000003c0000000,0x00000005c0945d88,0x00000005c7f00000)
 Metaspace       used 3339K, capacity 4490K, committed 4864K, reserved 1056768K
  class space    used 372K, capacity 386K, committed 512K, reserved 1048576K

